<?xml version="1.0" encoding="UTF-8"?>
<!-- Generated by org.testng.reporters.JUnitReportReporter -->
<testsuite hostname="Khanraslt01" name="testCases.TC01" tests="1" failures="0" timestamp="23 Jan 2019 22:24:16 GMT" time="29.193" errors="0">
  <testcase name="invalidLogin" time="29.193" classname="testCases.TC01"/>
</testsuite> <!-- testCases.TC01 -->
