<?xml version="1.0" encoding="UTF-8"?>
<!-- Generated by org.testng.reporters.JUnitReportReporter -->
<testsuite hostname="Khanraslt01" name="testCases.TC07" tests="1" failures="0" timestamp="23 Jan 2019 22:24:16 GMT" time="0.980" errors="0">
  <testcase name="checkLegend" time="0.980" classname="testCases.TC07"/>
</testsuite> <!-- testCases.TC07 -->
