<?xml version="1.0" encoding="UTF-8"?>
<!-- Generated by org.testng.reporters.JUnitReportReporter -->
<testsuite hostname="Khanraslt01" name="testCases.TC03" tests="1" failures="0" timestamp="23 Jan 2019 21:21:29 GMT" time="7.152" errors="0">
  <testcase name="checkMobileAppNavigation" time="7.152" classname="testCases.TC03"/>
</testsuite> <!-- testCases.TC03 -->
