<?xml version="1.0" encoding="UTF-8"?>
<!-- Generated by org.testng.reporters.JUnitReportReporter -->
<testsuite hostname="Khanraslt01" name="testCases.TC02" tests="1" failures="0" timestamp="22 Jan 2019 15:23:47 GMT" time="29.658" errors="0">
  <testcase name="invalidRegister" time="29.658" classname="testCases.TC02"/>
</testsuite> <!-- testCases.TC02 -->
