<?xml version="1.0" encoding="UTF-8"?>
<!-- Generated by org.testng.reporters.JUnitReportReporter -->
<testsuite hostname="Khanraslt01" name="testCases.TC06" tests="1" failures="0" timestamp="23 Jan 2019 22:24:16 GMT" time="1.084" errors="0">
  <testcase name="checkLegend" time="1.084" classname="testCases.TC06"/>
</testsuite> <!-- testCases.TC06 -->
