<?xml version="1.0" encoding="UTF-8"?>
<!-- Generated by org.testng.reporters.JUnitReportReporter -->
<testsuite hostname="Khanraslt01" name="testCases.TC02" tests="1" failures="0" timestamp="23 Jan 2019 18:43:13 GMT" time="2.012" errors="0">
  <testcase name="invalidRegister" time="2.012" classname="testCases.TC02"/>
</testsuite> <!-- testCases.TC02 -->
