<?xml version="1.0" encoding="UTF-8"?>
<!-- Generated by org.testng.reporters.JUnitReportReporter -->
<testsuite hostname="Khanraslt01" name="testCases.TC01" tests="1" failures="0" timestamp="22 Jan 2019 15:23:47 GMT" time="31.615" errors="0">
  <testcase name="invalidLogin" time="31.615" classname="testCases.TC01"/>
</testsuite> <!-- testCases.TC01 -->
