<?xml version="1.0" encoding="UTF-8"?>
<!-- Generated by org.testng.reporters.JUnitReportReporter -->
<testsuite hostname="Khanraslt01" name="testCases.TC05" tests="1" failures="0" timestamp="23 Jan 2019 21:21:29 GMT" time="6.809" errors="0">
  <testcase name="checkSGGPSNavigation" time="6.809" classname="testCases.TC05"/>
</testsuite> <!-- testCases.TC05 -->
