<?xml version="1.0" encoding="UTF-8"?>
<!-- Generated by org.testng.reporters.JUnitReportReporter -->
<testsuite hostname="Khanraslt01" name="testCases.TC02" tests="1" failures="0" timestamp="23 Jan 2019 22:24:16 GMT" time="23.832" errors="0">
  <testcase name="invalidRegister" time="23.832" classname="testCases.TC02"/>
</testsuite> <!-- testCases.TC02 -->
